f:\users\aj\code\sdltutorial\sdltutorial\debug\vc141.pdb
f:\users\aj\code\sdltutorial\sdltutorial\debug\vc141.idb
f:\users\aj\code\sdltutorial\sdltutorial\debug\clock.obj
f:\users\aj\code\sdltutorial\sdltutorial\debug\engine.obj
f:\users\aj\code\sdltutorial\sdltutorial\debug\framegenerator.obj
f:\users\aj\code\sdltutorial\sdltutorial\debug\gamedata.obj
f:\users\aj\code\sdltutorial\sdltutorial\debug\image.obj
f:\users\aj\code\sdltutorial\sdltutorial\debug\imagefactory.obj
f:\users\aj\code\sdltutorial\sdltutorial\debug\iomod.obj
f:\users\aj\code\sdltutorial\sdltutorial\debug\main.obj
f:\users\aj\code\sdltutorial\sdltutorial\debug\multisprite.obj
f:\users\aj\code\sdltutorial\sdltutorial\debug\parsexml.obj
f:\users\aj\code\sdltutorial\sdltutorial\debug\rendercontext.obj
f:\users\aj\code\sdltutorial\sdltutorial\debug\sprite.obj
f:\users\aj\code\sdltutorial\sdltutorial\debug\spritesheet.obj
f:\users\aj\code\sdltutorial\sdltutorial\debug\vector2f.obj
f:\users\aj\code\sdltutorial\sdltutorial\debug\viewport.obj
f:\users\aj\code\sdltutorial\sdltutorial\debug\world.obj
f:\users\aj\code\sdltutorial\sdltutorial\debug\ltexture.obj
f:\users\aj\code\sdltutorial\sdltutorial\debug\tile.obj
f:\users\aj\code\sdltutorial\sdltutorial\debug\sdl.tlog\cl.command.1.tlog
f:\users\aj\code\sdltutorial\sdltutorial\debug\sdl.tlog\cl.read.1.tlog
f:\users\aj\code\sdltutorial\sdltutorial\debug\sdl.tlog\cl.write.1.tlog
